<?xml version='1.0'?>
<ns2:test-suite xmlns:ns2='urn:model.allure.qatools.yandex.ru' start='1666968026810' stop='1666968026817'>
    <name>Telnyx main page test</name>
    <title>Telnyx main page test</title>
    <test-cases>
        <test-case start='1666968026811' status='pending' stop='1666968026811'>
            <name>should detect if the menu section is visible</name>
            <title>should detect if the menu section is visible</title>
            <labels/>
            <parameters/>
            <steps/>
            <attachments/>
            <failure>
                <message>Test ignored</message>
                <stack-trace>undefined</stack-trace>
            </failure>
        </test-case>
        <test-case start='1666968026811' status='pending' stop='1666968026811'>
            <name>should detect if the Elastic SIP Trunking section is displayed</name>
            <title>should detect if the Elastic SIP Trunking section is displayed</title>
            <labels/>
            <parameters/>
            <steps/>
            <attachments/>
            <failure>
                <message>Test ignored</message>
                <stack-trace>undefined</stack-trace>
            </failure>
        </test-case>
        <test-case start='1666968026812' status='pending' stop='1666968026812'>
            <name>should detect if the talk to expert button is clickable</name>
            <title>should detect if the talk to expert button is clickable</title>
            <labels/>
            <parameters/>
            <steps/>
            <attachments/>
            <failure>
                <message>Test ignored</message>
                <stack-trace>undefined</stack-trace>
            </failure>
        </test-case>
        <test-case start='1666968026813' status='pending' stop='1666968026813'>
            <name>should detect if the Sign up button is clickable</name>
            <title>should detect if the Sign up button is clickable</title>
            <labels/>
            <parameters/>
            <steps/>
            <attachments/>
            <failure>
                <message>Test ignored</message>
                <stack-trace>undefined</stack-trace>
            </failure>
        </test-case>
        <test-case start='1666968026814' status='pending' stop='1666968026814'>
            <name>should detect if the Call Us buttom is visible</name>
            <title>should detect if the Call Us buttom is visible</title>
            <labels/>
            <parameters/>
            <steps/>
            <attachments/>
            <failure>
                <message>Test ignored</message>
                <stack-trace>undefined</stack-trace>
            </failure>
        </test-case>
        <test-case start='1666968026814' status='pending' stop='1666968026814'>
            <name>should detect if the Support Center link is visible</name>
            <title>should detect if the Support Center link is visible</title>
            <labels/>
            <parameters/>
            <steps/>
            <attachments/>
            <failure>
                <message>Test ignored</message>
                <stack-trace>undefined</stack-trace>
            </failure>
        </test-case>
        <test-case start='1666968026815' status='pending' stop='1666968026815'>
            <name>should detect if the Log In link is visible</name>
            <title>should detect if the Log In link is visible</title>
            <labels/>
            <parameters/>
            <steps/>
            <attachments/>
            <failure>
                <message>Test ignored</message>
                <stack-trace>undefined</stack-trace>
            </failure>
        </test-case>
        <test-case start='1666968026815' status='pending' stop='1666968026815'>
            <name>should detect the focus of the Products section</name>
            <title>should detect the focus of the Products section</title>
            <labels/>
            <parameters/>
            <steps/>
            <attachments/>
            <failure>
                <message>Test ignored</message>
                <stack-trace>undefined</stack-trace>
            </failure>
        </test-case>
        <test-case start='1666968026816' status='pending' stop='1666968026816'>
            <name>should detect the focus of the Network section</name>
            <title>should detect the focus of the Network section</title>
            <labels/>
            <parameters/>
            <steps/>
            <attachments/>
            <failure>
                <message>Test ignored</message>
                <stack-trace>undefined</stack-trace>
            </failure>
        </test-case>
    </test-cases>
</ns2:test-suite>